#
# There is insufficient memory for the Java Runtime Environment to continue.
# Native memory allocation (mmap) failed to map 65536 bytes. Error detail: Failed to commit metaspace.
# Possible reasons:
#   The system is out of physical RAM or swap space
#   This process is running with CompressedOops enabled, and the Java Heap may be blocking the growth of the native heap
# Possible solutions:
#   Reduce memory load on the system
#   Increase physical memory or swap space
#   Check if swap backing store is full
#   Decrease Java heap size (-Xmx/-Xms)
#   Decrease number of Java threads
#   Decrease Java thread stack sizes (-Xss)
#   Set larger code cache with -XX:ReservedCodeCacheSize=
#   JVM is running with Unscaled Compressed Oops mode in which the Java heap is
#     placed in the first 4GB address space. The Java Heap base address is the
#     maximum limit for the native heap growth. Please use -XX:HeapBaseMinAddress
#     to set the Java Heap base and to place the Java Heap above 4GB virtual address.
# This output file may be truncated or incomplete.
#
#  Out of Memory Error (virtualSpaceNode.cpp:110), pid=16244, tid=4552
#
# JRE version: OpenJDK Runtime Environment Microsoft-13106358 (17.0.18+8) (build 17.0.18+8-LTS)
# Java VM: OpenJDK 64-Bit Server VM Microsoft-13106358 (17.0.18+8-LTS, mixed mode, sharing, tiered, compressed oops, compressed class ptrs, g1 gc, windows-amd64)
# No core dump will be written. Minidumps are not enabled by default on client versions of Windows
#

---------------  S U M M A R Y ------------

Command Line: -Xmx64m -Xms64m -Dorg.gradle.appname=gradlew C:\New App\RakshaNow\android\\gradle\wrapper\gradle-wrapper.jar app:installDebug -PreactNativeDevServerPort=8081

Host: 12th Gen Intel(R) Core(TM) i5-12450H, 12 cores, 15G,  Windows 11 , 64 bit Build 26100 (10.0.26100.7920)
Time: Fri Apr 10 21:20:08 2026 India Standard Time elapsed time: 28.367511 seconds (0d 0h 0m 28s)

---------------  T H R E A D  ---------------

Current thread (0x0000027e507ac360):  JavaThread "C1 CompilerThread0" daemon [_thread_in_vm, id=4552, stack(0x000000a4d7600000,0x000000a4d7700000)]


Current CompileTask:
C1:28367 1770       3       org.gradle.internal.time.MonotonicClock::getCurrentTime (70 bytes)

Stack: [0x000000a4d7600000,0x000000a4d7700000]
Native frames: (J=compiled Java code, j=interpreted, Vv=VM code, C=native code)
V  [jvm.dll+0x68c879]  (no source info available)
V  [jvm.dll+0x845979]  (no source info available)
V  [jvm.dll+0x8476e8]  (no source info available)
V  [jvm.dll+0x847d73]  (no source info available)
V  [jvm.dll+0x24cf6f]  (no source info available)
V  [jvm.dll+0x841757]  (no source info available)
V  [jvm.dll+0x6330db]  (no source info available)
V  [jvm.dll+0x1c4c0d]  (no source info available)
V  [jvm.dll+0x635a62]  (no source info available)
V  [jvm.dll+0x633a96]  (no source info available)
V  [jvm.dll+0x644f0a]  (no source info available)
V  [jvm.dll+0x63dd0a]  (no source info available)
V  [jvm.dll+0x1d0eea]  (no source info available)
V  [jvm.dll+0x1d10d0]  (no source info available)
V  [jvm.dll+0x14c47d]  (no source info available)
V  [jvm.dll+0x14c2ba]  (no source info available)
V  [jvm.dll+0x143c7e]  (no source info available)
V  [jvm.dll+0x14626e]  (no source info available)
V  [jvm.dll+0x144489]  (no source info available)
V  [jvm.dll+0x13e64b]  (no source info available)
V  [jvm.dll+0x14df58]  (no source info available)
V  [jvm.dll+0x139cf5]  (no source info available)
V  [jvm.dll+0x13a070]  (no source info available)
V  [jvm.dll+0x13a343]  (no source info available)
V  [jvm.dll+0x139797]  (no source info available)
V  [jvm.dll+0x13b4bd]  (no source info available)
V  [jvm.dll+0x22db1b]  (no source info available)
V  [jvm.dll+0x22bca6]  (no source info available)
V  [jvm.dll+0x7fbabb]  (no source info available)
V  [jvm.dll+0x7f5ebc]  (no source info available)
V  [jvm.dll+0x68de17]  (no source info available)
C  [ucrtbase.dll+0x37b0]  (no source info available)
C  [KERNEL32.DLL+0x2e8d7]  (no source info available)
C  [ntdll.dll+0x8c48c]  (no source info available)


---------------  P R O C E S S  ---------------

Threads class SMR info:
_java_thread_list=0x0000027e9745bed0, length=13, elements={
0x0000027e368ae140, 0x0000027e50786d20, 0x0000027e507896f0, 0x0000027e507a3ed0,
0x0000027e507a4890, 0x0000027e507a5250, 0x0000027e507a5c10, 0x0000027e507a8910,
0x0000027e507ac360, 0x0000027e507b2740, 0x0000027e508f6bf0, 0x0000027e50907fe0,
0x0000027e96124e40
}

Java Threads: ( => current thread )
  0x0000027e368ae140 JavaThread "main" [_thread_in_native, id=11544, stack(0x000000a4d6800000,0x000000a4d6900000)]
  0x0000027e50786d20 JavaThread "Reference Handler" daemon [_thread_blocked, id=6576, stack(0x000000a4d6f00000,0x000000a4d7000000)]
  0x0000027e507896f0 JavaThread "Finalizer" daemon [_thread_blocked, id=20912, stack(0x000000a4d7000000,0x000000a4d7100000)]
  0x0000027e507a3ed0 JavaThread "Signal Dispatcher" daemon [_thread_blocked, id=2564, stack(0x000000a4d7100000,0x000000a4d7200000)]
  0x0000027e507a4890 JavaThread "Attach Listener" daemon [_thread_blocked, id=15964, stack(0x000000a4d7200000,0x000000a4d7300000)]
  0x0000027e507a5250 JavaThread "Service Thread" daemon [_thread_blocked, id=10992, stack(0x000000a4d7300000,0x000000a4d7400000)]
  0x0000027e507a5c10 JavaThread "Monitor Deflation Thread" daemon [_thread_blocked, id=8572, stack(0x000000a4d7400000,0x000000a4d7500000)]
  0x0000027e507a8910 JavaThread "C2 CompilerThread0" daemon [_thread_blocked, id=12372, stack(0x000000a4d7500000,0x000000a4d7600000)]
=>0x0000027e507ac360 JavaThread "C1 CompilerThread0" daemon [_thread_in_vm, id=4552, stack(0x000000a4d7600000,0x000000a4d7700000)]
  0x0000027e507b2740 JavaThread "Sweeper thread" daemon [_thread_blocked, id=16884, stack(0x000000a4d7700000,0x000000a4d7800000)]
  0x0000027e508f6bf0 JavaThread "Notification Thread" daemon [_thread_blocked, id=22252, stack(0x000000a4d7800000,0x000000a4d7900000)]
  0x0000027e50907fe0 JavaThread "Common-Cleaner" daemon [_thread_blocked, id=19392, stack(0x000000a4d7a00000,0x000000a4d7b00000)]
  0x0000027e96124e40 JavaThread "pool-1-thread-1" [_thread_blocked, id=22684, stack(0x000000a4d8100000,0x000000a4d8200000)]

Other Threads:
  0x0000027e507838e0 VMThread "VM Thread" [stack: 0x000000a4d6e00000,0x000000a4d6f00000] [id=19024] _threads_hazard_ptr=0x0000027e9745bed0
  0x0000027e50901910 WatcherThread [stack: 0x000000a4d7900000,0x000000a4d7a00000] [id=12268]
  0x0000027e368cf8b0 GCTaskThread "GC Thread#0" [stack: 0x000000a4d6900000,0x000000a4d6a00000] [id=12576]
  0x0000027e961e5830 GCTaskThread "GC Thread#1" [stack: 0x000000a4d7c00000,0x000000a4d7d00000] [id=7728]
  0x0000027e50b2ff60 GCTaskThread "GC Thread#2" [stack: 0x000000a4d7d00000,0x000000a4d7e00000] [id=20752]
  0x0000027e50b30230 GCTaskThread "GC Thread#3" [stack: 0x000000a4d7e00000,0x000000a4d7f00000] [id=3504]
  0x0000027e96609750 GCTaskThread "GC Thread#4" [stack: 0x000000a4d7f00000,0x000000a4d8000000] [id=19884]
  0x0000027e96609cf0 GCTaskThread "GC Thread#5" [stack: 0x000000a4d8000000,0x000000a4d8100000] [id=11104]
  0x0000027e966083a0 GCTaskThread "GC Thread#6" [stack: 0x000000a4d8200000,0x000000a4d8300000] [id=21592]
  0x0000027e96608ee0 GCTaskThread "GC Thread#7" [stack: 0x000000a4d8300000,0x000000a4d8400000] [id=22236]
  0x0000027e368d0f10 ConcurrentGCThread "G1 Main Marker" [stack: 0x000000a4d6a00000,0x000000a4d6b00000] [id=19364]
  0x0000027e368d1830 ConcurrentGCThread "G1 Conc#0" [stack: 0x000000a4d6b00000,0x000000a4d6c00000] [id=20788]
  0x0000027e3695cfa0 ConcurrentGCThread "G1 Refine#0" [stack: 0x000000a4d6c00000,0x000000a4d6d00000] [id=18588]
  0x0000027e3695e790 ConcurrentGCThread "G1 Service" [stack: 0x000000a4d6d00000,0x000000a4d6e00000] [id=14144]

Threads with active compile tasks:
C1 CompilerThread0  28382 1770       3       org.gradle.internal.time.MonotonicClock::getCurrentTime (70 bytes)

VM state: synchronizing (normal execution)

VM Mutex/Monitor currently owned by a thread:  ([mutex/lock_event])
[0x0000027e34470480] Metaspace_lock - owner thread: 0x0000027e507ac360
[0x0000027e368aa690] Threads_lock - owner thread: 0x0000027e507838e0
[0x0000027e368aa3c0] MethodData_lock - owner thread: 0x0000027e507ac360

Heap address: 0x00000000fc000000, size: 64 MB, Compressed Oops mode: 32-bit

CDS archive(s) mapped at: [0x0000027e51000000-0x0000027e51bb0000-0x0000027e51bb0000), size 12255232, SharedBaseAddress: 0x0000027e51000000, ArchiveRelocationMode: 1.
Compressed class space mapped at: 0x0000027e52000000-0x0000027e92000000, reserved size: 1073741824
Narrow klass base: 0x0000027e51000000, Narrow klass shift: 0, Narrow klass range: 0x100000000

GC Precious Log:
 CPUs: 12 total, 12 available
 Memory: 16087M
 Large Page Support: Disabled
 NUMA Support: Disabled
 Compressed Oops: Enabled (32-bit)
 Heap Region Size: 1M
 Heap Min Capacity: 64M
 Heap Initial Capacity: 64M
 Heap Max Capacity: 64M
 Pre-touch: Disabled
 Parallel Workers: 10
 Concurrent Workers: 3
 Concurrent Refinement Workers: 10
 Periodic GC: Disabled

Heap:
 garbage-first heap   total 65536K, used 20355K [0x00000000fc000000, 0x0000000100000000)
  region size 1024K, 13 young (13312K), 4 survivors (4096K)
 Metaspace       used 9808K, committed 10048K, reserved 1114112K
  class space    used 1289K, committed 1408K, reserved 1048576K

Heap Regions: E=young(eden), S=young(survivor), O=old, HS=humongous(starts), HC=humongous(continues), CS=collection set, F=free, OA=open archive, CA=closed archive, TAMS=top-at-mark-start (previous, next)
|   0|0x00000000fc000000, 0x00000000fc100000, 0x00000000fc100000|100%|HS|  |TAMS 0x00000000fc000000, 0x00000000fc000000| Complete 
|   1|0x00000000fc100000, 0x00000000fc200000, 0x00000000fc200000|100%|HC|  |TAMS 0x00000000fc100000, 0x00000000fc100000| Complete 
|   2|0x00000000fc200000, 0x00000000fc300000, 0x00000000fc300000|100%|HC|  |TAMS 0x00000000fc200000, 0x00000000fc200000| Complete 
|   3|0x00000000fc300000, 0x00000000fc400000, 0x00000000fc400000|100%|HC|  |TAMS 0x00000000fc300000, 0x00000000fc300000| Complete 
|   4|0x00000000fc400000, 0x00000000fc500000, 0x00000000fc500000|100%| O|  |TAMS 0x00000000fc400000, 0x00000000fc400000| Untracked 
|   5|0x00000000fc500000, 0x00000000fc600000, 0x00000000fc600000|100%| O|  |TAMS 0x00000000fc500000, 0x00000000fc500000| Untracked 
|   6|0x00000000fc600000, 0x00000000fc700000, 0x00000000fc700000|100%| O|  |TAMS 0x00000000fc600000, 0x00000000fc600000| Untracked 
|   7|0x00000000fc700000, 0x00000000fc7e0c00, 0x00000000fc800000| 87%| O|  |TAMS 0x00000000fc700000, 0x00000000fc700000| Untracked 
|   8|0x00000000fc800000, 0x00000000fc800000, 0x00000000fc900000|  0%| F|  |TAMS 0x00000000fc800000, 0x00000000fc800000| Untracked 
|   9|0x00000000fc900000, 0x00000000fc900000, 0x00000000fca00000|  0%| F|  |TAMS 0x00000000fc900000, 0x00000000fc900000| Untracked 
|  10|0x00000000fca00000, 0x00000000fca00000, 0x00000000fcb00000|  0%| F|  |TAMS 0x00000000fca00000, 0x00000000fca00000| Untracked 
|  11|0x00000000fcb00000, 0x00000000fcb00000, 0x00000000fcc00000|  0%| F|  |TAMS 0x00000000fcb00000, 0x00000000fcb00000| Untracked 
|  12|0x00000000fcc00000, 0x00000000fcc00000, 0x00000000fcd00000|  0%| F|  |TAMS 0x00000000fcc00000, 0x00000000fcc00000| Untracked 
|  13|0x00000000fcd00000, 0x00000000fcd00000, 0x00000000fce00000|  0%| F|  |TAMS 0x00000000fcd00000, 0x00000000fcd00000| Untracked 
|  14|0x00000000fce00000, 0x00000000fce00000, 0x00000000fcf00000|  0%| F|  |TAMS 0x00000000fce00000, 0x00000000fce00000| Untracked 
|  15|0x00000000fcf00000, 0x00000000fcf00000, 0x00000000fd000000|  0%| F|  |TAMS 0x00000000fcf00000, 0x00000000fcf00000| Untracked 
|  16|0x00000000fd000000, 0x00000000fd000000, 0x00000000fd100000|  0%| F|  |TAMS 0x00000000fd000000, 0x00000000fd000000| Untracked 
|  17|0x00000000fd100000, 0x00000000fd100000, 0x00000000fd200000|  0%| F|  |TAMS 0x00000000fd100000, 0x00000000fd100000| Untracked 
|  18|0x00000000fd200000, 0x00000000fd200000, 0x00000000fd300000|  0%| F|  |TAMS 0x00000000fd200000, 0x00000000fd200000| Untracked 
|  19|0x00000000fd300000, 0x00000000fd300000, 0x00000000fd400000|  0%| F|  |TAMS 0x00000000fd300000, 0x00000000fd300000| Untracked 
|  20|0x00000000fd400000, 0x00000000fd400000, 0x00000000fd500000|  0%| F|  |TAMS 0x00000000fd400000, 0x00000000fd400000| Untracked 
|  21|0x00000000fd500000, 0x00000000fd500000, 0x00000000fd600000|  0%| F|  |TAMS 0x00000000fd500000, 0x00000000fd500000| Untracked 
|  22|0x00000000fd600000, 0x00000000fd600000, 0x00000000fd700000|  0%| F|  |TAMS 0x00000000fd600000, 0x00000000fd600000| Untracked 
|  23|0x00000000fd700000, 0x00000000fd700000, 0x00000000fd800000|  0%| F|  |TAMS 0x00000000fd700000, 0x00000000fd700000| Untracked 
|  24|0x00000000fd800000, 0x00000000fd800000, 0x00000000fd900000|  0%| F|  |TAMS 0x00000000fd800000, 0x00000000fd800000| Untracked 
|  25|0x00000000fd900000, 0x00000000fd900000, 0x00000000fda00000|  0%| F|  |TAMS 0x00000000fd900000, 0x00000000fd900000| Untracked 
|  26|0x00000000fda00000, 0x00000000fda00000, 0x00000000fdb00000|  0%| F|  |TAMS 0x00000000fda00000, 0x00000000fda00000| Untracked 
|  27|0x00000000fdb00000, 0x00000000fdb00000, 0x00000000fdc00000|  0%| F|  |TAMS 0x00000000fdb00000, 0x00000000fdb00000| Untracked 
|  28|0x00000000fdc00000, 0x00000000fdd00000, 0x00000000fdd00000|100%| S|CS|TAMS 0x00000000fdc00000, 0x00000000fdc00000| Complete 
|  29|0x00000000fdd00000, 0x00000000fde00000, 0x00000000fde00000|100%| S|CS|TAMS 0x00000000fdd00000, 0x00000000fdd00000| Complete 
|  30|0x00000000fde00000, 0x00000000fdf00000, 0x00000000fdf00000|100%| S|CS|TAMS 0x00000000fde00000, 0x00000000fde00000| Complete 
|  31|0x00000000fdf00000, 0x00000000fe000000, 0x00000000fe000000|100%| S|CS|TAMS 0x00000000fdf00000, 0x00000000fdf00000| Complete 
|  32|0x00000000fe000000, 0x00000000fe000000, 0x00000000fe100000|  0%| F|  |TAMS 0x00000000fe000000, 0x00000000fe000000| Untracked 
|  33|0x00000000fe100000, 0x00000000fe100000, 0x00000000fe200000|  0%| F|  |TAMS 0x00000000fe100000, 0x00000000fe100000| Untracked 
|  34|0x00000000fe200000, 0x00000000fe200000, 0x00000000fe300000|  0%| F|  |TAMS 0x00000000fe200000, 0x00000000fe200000| Untracked 
|  35|0x00000000fe300000, 0x00000000fe300000, 0x00000000fe400000|  0%| F|  |TAMS 0x00000000fe300000, 0x00000000fe300000| Untracked 
|  36|0x00000000fe400000, 0x00000000fe400000, 0x00000000fe500000|  0%| F|  |TAMS 0x00000000fe400000, 0x00000000fe400000| Untracked 
|  37|0x00000000fe500000, 0x00000000fe500000, 0x00000000fe600000|  0%| F|  |TAMS 0x00000000fe500000, 0x00000000fe500000| Untracked 
|  38|0x00000000fe600000, 0x00000000fe600000, 0x00000000fe700000|  0%| F|  |TAMS 0x00000000fe600000, 0x00000000fe600000| Untracked 
|  39|0x00000000fe700000, 0x00000000fe700000, 0x00000000fe800000|  0%| F|  |TAMS 0x00000000fe700000, 0x00000000fe700000| Untracked 
|  40|0x00000000fe800000, 0x00000000fe800000, 0x00000000fe900000|  0%| F|  |TAMS 0x00000000fe800000, 0x00000000fe800000| Untracked 
|  41|0x00000000fe900000, 0x00000000fe900000, 0x00000000fea00000|  0%| F|  |TAMS 0x00000000fe900000, 0x00000000fe900000| Untracked 
|  42|0x00000000fea00000, 0x00000000fea00000, 0x00000000feb00000|  0%| F|  |TAMS 0x00000000fea00000, 0x00000000fea00000| Untracked 
|  43|0x00000000feb00000, 0x00000000feb00000, 0x00000000fec00000|  0%| F|  |TAMS 0x00000000feb00000, 0x00000000feb00000| Untracked 
|  44|0x00000000fec00000, 0x00000000fec00000, 0x00000000fed00000|  0%| F|  |TAMS 0x00000000fec00000, 0x00000000fec00000| Untracked 
|  45|0x00000000fed00000, 0x00000000fed00000, 0x00000000fee00000|  0%| F|  |TAMS 0x00000000fed00000, 0x00000000fed00000| Untracked 
|  46|0x00000000fee00000, 0x00000000fee00000, 0x00000000fef00000|  0%| F|  |TAMS 0x00000000fee00000, 0x00000000fee00000| Untracked 
|  47|0x00000000fef00000, 0x00000000fef00000, 0x00000000ff000000|  0%| F|  |TAMS 0x00000000fef00000, 0x00000000fef00000| Untracked 
|  48|0x00000000ff000000, 0x00000000ff000000, 0x00000000ff100000|  0%| F|  |TAMS 0x00000000ff000000, 0x00000000ff000000| Untracked 
|  49|0x00000000ff100000, 0x00000000ff100000, 0x00000000ff200000|  0%| F|  |TAMS 0x00000000ff100000, 0x00000000ff100000| Untracked 
|  50|0x00000000ff200000, 0x00000000ff200000, 0x00000000ff300000|  0%| F|  |TAMS 0x00000000ff200000, 0x00000000ff200000| Untracked 
|  51|0x00000000ff300000, 0x00000000ff300000, 0x00000000ff400000|  0%| F|  |TAMS 0x00000000ff300000, 0x00000000ff300000| Untracked 
|  52|0x00000000ff400000, 0x00000000ff400000, 0x00000000ff500000|  0%| F|  |TAMS 0x00000000ff400000, 0x00000000ff400000| Untracked 
|  53|0x00000000ff500000, 0x00000000ff500000, 0x00000000ff600000|  0%| F|  |TAMS 0x00000000ff500000, 0x00000000ff500000| Untracked 
|  54|0x00000000ff600000, 0x00000000ff600000, 0x00000000ff700000|  0%| F|  |TAMS 0x00000000ff600000, 0x00000000ff600000| Untracked 
|  55|0x00000000ff700000, 0x00000000ff767fa0, 0x00000000ff800000| 40%| E|  |TAMS 0x00000000ff700000, 0x00000000ff700000| Complete 
|  56|0x00000000ff800000, 0x00000000ff900000, 0x00000000ff900000|100%| E|CS|TAMS 0x00000000ff800000, 0x00000000ff800000| Complete 
|  57|0x00000000ff900000, 0x00000000ffa00000, 0x00000000ffa00000|100%| E|CS|TAMS 0x00000000ff900000, 0x00000000ff900000| Complete 
|  58|0x00000000ffa00000, 0x00000000ffb00000, 0x00000000ffb00000|100%| E|CS|TAMS 0x00000000ffa00000, 0x00000000ffa00000| Complete 
|  59|0x00000000ffb00000, 0x00000000ffc00000, 0x00000000ffc00000|100%| E|CS|TAMS 0x00000000ffb00000, 0x00000000ffb00000| Complete 
|  60|0x00000000ffc00000, 0x00000000ffd00000, 0x00000000ffd00000|100%| E|CS|TAMS 0x00000000ffc00000, 0x00000000ffc00000| Complete 
|  61|0x00000000ffd00000, 0x00000000ffe00000, 0x00000000ffe00000|100%| E|CS|TAMS 0x00000000ffd00000, 0x00000000ffd00000| Complete 
|  62|0x00000000ffe00000, 0x00000000fff00000, 0x00000000fff00000|100%| E|CS|TAMS 0x00000000ffe00000, 0x00000000ffe00000| Complete 
|  63|0x00000000fff00000, 0x0000000100000000, 0x0000000100000000|100%| E|CS|TAMS 0x00000000fff00000, 0x00000000fff00000| Complete 

Card table byte_map: [0x0000027e34750000,0x0000027e34770000] _byte_map_base: 0x0000027e33f70000

Marking Bits (Prev, Next): (CMBitMap*) 0x0000027e368cfde0, (CMBitMap*) 0x0000027e368cfe20
 Prev Bits: [0x0000027e4d970000, 0x0000027e4da70000)
 Next Bits: [0x0000027e4da70000, 0x0000027e4db70000)

Polling page: 0x0000027e34700000

Metaspace:

Usage:
  Non-class:      8.32 MB used.
      Class:      1.26 MB used.
       Both:      9.58 MB used.

Virtual space:
  Non-class space:       64.00 MB reserved,       8.44 MB ( 13%) committed,  1 nodes.
      Class space:        1.00 GB reserved,       1.38 MB ( <1%) committed,  1 nodes.
             Both:        1.06 GB reserved,       9.81 MB ( <1%) committed. 

Chunk freelists:
   Non-Class:  7.42 MB
       Class:  14.48 MB
        Both:  21.91 MB

MaxMetaspaceSize: unlimited
CompressedClassSpaceSize: 1.00 GB
Initial GC threshold: 21.00 MB
Current GC threshold: 21.00 MB
CDS: on
MetaspaceReclaimPolicy: balanced
 - commit_granule_bytes: 65536.
 - commit_granule_words: 8192.
 - virtual_space_node_default_size: 8388608.
 - enlarge_chunks_in_place: 1.
 - new_chunks_are_fully_committed: 0.
 - uncommit_free_chunks: 1.
 - use_allocation_guard: 0.
 - handle_deallocations: 1.


Internal statistics:

num_allocs_failed_limit: 0.
num_arena_births: 82.
num_arena_deaths: 0.
num_vsnodes_births: 2.
num_vsnodes_deaths: 0.
num_space_committed: 157.
num_space_uncommitted: 0.
num_chunks_returned_to_freelist: 0.
num_chunks_taken_from_freelist: 360.
num_chunk_merges: 0.
num_chunk_splits: 235.
num_chunks_enlarged: 188.
num_inconsistent_stats: 0.

CodeHeap 'non-profiled nmethods': size=120000Kb used=787Kb max_used=787Kb free=119213Kb
 bounds [0x0000027e45ef0000, 0x0000027e46160000, 0x0000027e4d420000]
CodeHeap 'profiled nmethods': size=120000Kb used=3279Kb max_used=3279Kb free=116720Kb
 bounds [0x0000027e3e420000, 0x0000027e3e760000, 0x0000027e45950000]
CodeHeap 'non-nmethods': size=5760Kb used=1172Kb max_used=1189Kb free=4587Kb
 bounds [0x0000027e45950000, 0x0000027e45bc0000, 0x0000027e45ef0000]
 total_blobs=2236 nmethods=1769 adapters=380
 compilation: enabled
              stopped_count=0, restarted_count=0
 full_count=0

Compilation events (20 events):
Event: 22.050 Thread 0x0000027e507ac360 nmethod 1760 0x0000027e3e750090 code [0x0000027e3e750240, 0x0000027e3e750558]
Event: 22.216 Thread 0x0000027e507ac360 1761       3       java.lang.StringBuilder::append (8 bytes)
Event: 22.216 Thread 0x0000027e507ac360 nmethod 1761 0x0000027e3e750690 code [0x0000027e3e750840, 0x0000027e3e750988]
Event: 22.216 Thread 0x0000027e507ac360 1762       3       java.lang.AbstractStringBuilder::append (54 bytes)
Event: 22.216 Thread 0x0000027e507ac360 nmethod 1762 0x0000027e3e750a10 code [0x0000027e3e750c60, 0x0000027e3e751648]
Event: 23.731 Thread 0x0000027e507ac360 1763       3       java.util.concurrent.atomic.AtomicLong::compareAndSet (13 bytes)
Event: 23.731 Thread 0x0000027e507ac360 nmethod 1763 0x0000027e3e751890 code [0x0000027e3e751a20, 0x0000027e3e751b58]
Event: 24.841 Thread 0x0000027e507ac360 1764       3       java.util.HashMap::values (25 bytes)
Event: 24.841 Thread 0x0000027e507ac360 nmethod 1764 0x0000027e3e751c10 code [0x0000027e3e751dc0, 0x0000027e3e752138]
Event: 25.127 Thread 0x0000027e507ac360 1765       3       java.util.HashMap$Values::iterator (12 bytes)
Event: 25.127 Thread 0x0000027e507ac360 nmethod 1765 0x0000027e3e752290 code [0x0000027e3e752440, 0x0000027e3e7526a8]
Event: 25.127 Thread 0x0000027e507ac360 1766       3       java.util.HashMap$ValueIterator::<init> (11 bytes)
Event: 25.127 Thread 0x0000027e507ac360 nmethod 1766 0x0000027e3e752790 code [0x0000027e3e752940, 0x0000027e3e752ac8]
Event: 25.331 Thread 0x0000027e507ac360 1767       3       java.util.ArrayDeque::iterator (9 bytes)
Event: 26.346 Thread 0x0000027e507ac360 nmethod 1767 0x0000027e3e752b90 code [0x0000027e3e752d60, 0x0000027e3e753118]
Event: 26.346 Thread 0x0000027e507ac360 1769       3       java.lang.Long::stringSize (55 bytes)
Event: 26.347 Thread 0x0000027e507ac360 nmethod 1769 0x0000027e3e753290 code [0x0000027e3e753440, 0x0000027e3e7536b8]
Event: 26.347 Thread 0x0000027e507ac360 1768       3       java.util.ArrayDeque$DeqIterator::<init> (34 bytes)
Event: 26.347 Thread 0x0000027e507ac360 nmethod 1768 0x0000027e3e753790 code [0x0000027e3e753940, 0x0000027e3e753c18]
Event: 26.347 Thread 0x0000027e507ac360 1770       3       org.gradle.internal.time.MonotonicClock::getCurrentTime (70 bytes)

GC Heap History (4 events):
Event: 0.296 GC heap before
{Heap before GC invocations=0 (full 0):
 garbage-first heap   total 65536K, used 23552K [0x00000000fc000000, 0x0000000100000000)
  region size 1024K, 23 young (23552K), 0 survivors (0K)
 Metaspace       used 1683K, committed 1792K, reserved 1114112K
  class space    used 157K, committed 192K, reserved 1048576K
}
Event: 0.299 GC heap after
{Heap after GC invocations=1 (full 0):
 garbage-first heap   total 65536K, used 1840K [0x00000000fc000000, 0x0000000100000000)
  region size 1024K, 2 young (2048K), 2 survivors (2048K)
 Metaspace       used 1683K, committed 1792K, reserved 1114112K
  class space    used 157K, committed 192K, reserved 1048576K
}
Event: 0.954 GC heap before
{Heap before GC invocations=1 (full 0):
 garbage-first heap   total 65536K, used 35632K [0x00000000fc000000, 0x0000000100000000)
  region size 1024K, 32 young (32768K), 2 survivors (2048K)
 Metaspace       used 7410K, committed 7552K, reserved 1114112K
  class space    used 982K, committed 1024K, reserved 1048576K
}
Event: 0.959 GC heap after
{Heap after GC invocations=2 (full 0):
 garbage-first heap   total 65536K, used 12163K [0x00000000fc000000, 0x0000000100000000)
  region size 1024K, 4 young (4096K), 4 survivors (4096K)
 Metaspace       used 7410K, committed 7552K, reserved 1114112K
  class space    used 982K, committed 1024K, reserved 1048576K
}

Dll operation events (13 events):
Event: 0.006 Loaded shared library C:\Program Files\Microsoft\jdk-17.0.18.8-hotspot\bin\java.dll
Event: 0.017 Loaded shared library C:\Program Files\Microsoft\jdk-17.0.18.8-hotspot\bin\jsvml.dll
Event: 0.035 Loaded shared library C:\Program Files\Microsoft\jdk-17.0.18.8-hotspot\bin\net.dll
Event: 0.036 Loaded shared library C:\Program Files\Microsoft\jdk-17.0.18.8-hotspot\bin\nio.dll
Event: 0.038 Loaded shared library C:\Program Files\Microsoft\jdk-17.0.18.8-hotspot\bin\zip.dll
Event: 0.301 Loaded shared library C:\Program Files\Microsoft\jdk-17.0.18.8-hotspot\bin\jimage.dll
Event: 0.631 Loaded shared library C:\Program Files\Microsoft\jdk-17.0.18.8-hotspot\bin\management.dll
Event: 0.633 Loaded shared library C:\Program Files\Microsoft\jdk-17.0.18.8-hotspot\bin\management_ext.dll
Event: 0.665 Loaded shared library C:\Users\mahav\.gradle\native\660c5614fbf4a5f2a75b1949f50a0caf5cd603558e7d8a26e50b933a0cfb79d1\windows-amd64\native-platform.dll
Event: 0.696 Loaded shared library C:\Users\mahav\.gradle\native\jansi\2.4.2\Windows\x86_64\jansi.dll
Event: 0.924 Loaded shared library C:\Program Files\Microsoft\jdk-17.0.18.8-hotspot\bin\extnet.dll
Event: 1.076 Loaded shared library C:\Program Files\Microsoft\jdk-17.0.18.8-hotspot\bin\sunmscapi.dll
Event: 1.086 Loaded shared library C:\Program Files\Microsoft\jdk-17.0.18.8-hotspot\bin\verify.dll

Deoptimization events (20 events):
Event: 3.431 Thread 0x0000027e368ae140 Uncommon trap: trap_request=0xffffff45 fr.pc=0x0000027e45f112e4 relative=0x00000000000003c4
Event: 3.431 Thread 0x0000027e368ae140 Uncommon trap: reason=unstable_if action=reinterpret pc=0x0000027e45f112e4 method=java.lang.StringUTF16.compress([CII)[B @ 13 c2
Event: 3.431 Thread 0x0000027e368ae140 DEOPT PACKING pc=0x0000027e45f112e4 sp=0x000000a4d68fd100
Event: 3.431 Thread 0x0000027e368ae140 DEOPT UNPACKING pc=0x0000027e459a69a3 sp=0x000000a4d68fd040 mode 2
Event: 3.635 Thread 0x0000027e96124e40 Uncommon trap: trap_request=0xffffff45 fr.pc=0x0000027e45f135d4 relative=0x00000000000001b4
Event: 3.635 Thread 0x0000027e96124e40 Uncommon trap: reason=unstable_if action=reinterpret pc=0x0000027e45f135d4 method=java.lang.String.indexOf(II)I @ 4 c2
Event: 3.635 Thread 0x0000027e96124e40 DEOPT PACKING pc=0x0000027e45f135d4 sp=0x000000a4d81fe480
Event: 3.635 Thread 0x0000027e96124e40 DEOPT UNPACKING pc=0x0000027e459a69a3 sp=0x000000a4d81fe420 mode 2
Event: 3.635 Thread 0x0000027e96124e40 Uncommon trap: trap_request=0xffffff45 fr.pc=0x0000027e45f3ebcc relative=0x000000000000012c
Event: 3.635 Thread 0x0000027e96124e40 Uncommon trap: reason=unstable_if action=reinterpret pc=0x0000027e45f3ebcc method=java.lang.AbstractStringBuilder.putStringAt(ILjava/lang/String;II)V @ 8 c2
Event: 3.635 Thread 0x0000027e96124e40 DEOPT PACKING pc=0x0000027e45f3ebcc sp=0x000000a4d81fe1c0
Event: 3.635 Thread 0x0000027e96124e40 DEOPT UNPACKING pc=0x0000027e459a69a3 sp=0x000000a4d81fe0f0 mode 2
Event: 3.635 Thread 0x0000027e96124e40 Uncommon trap: trap_request=0xffffff45 fr.pc=0x0000027e45f71874 relative=0x00000000000003d4
Event: 3.635 Thread 0x0000027e96124e40 Uncommon trap: reason=unstable_if action=reinterpret pc=0x0000027e45f71874 method=java.lang.AbstractStringBuilder.isLatin1()Z @ 10 c2
Event: 3.635 Thread 0x0000027e96124e40 DEOPT PACKING pc=0x0000027e45f71874 sp=0x000000a4d81fe620
Event: 3.635 Thread 0x0000027e96124e40 DEOPT UNPACKING pc=0x0000027e459a69a3 sp=0x000000a4d81fe5a0 mode 2
Event: 3.635 Thread 0x0000027e96124e40 Uncommon trap: trap_request=0xffffff45 fr.pc=0x0000027e45f0d6fc relative=0x000000000000025c
Event: 3.635 Thread 0x0000027e96124e40 Uncommon trap: reason=unstable_if action=reinterpret pc=0x0000027e45f0d6fc method=java.lang.String.getChars(II[CI)V @ 23 c2
Event: 3.635 Thread 0x0000027e96124e40 DEOPT PACKING pc=0x0000027e45f0d6fc sp=0x000000a4d81fe4d0
Event: 3.635 Thread 0x0000027e96124e40 DEOPT UNPACKING pc=0x0000027e459a69a3 sp=0x000000a4d81fe490 mode 2

Classes loaded (20 events):
Event: 3.443 Loading class jdk/internal/logger/LoggerFinderLoader$TemporaryLoggerFinder
Event: 3.444 Loading class jdk/internal/logger/LoggerFinderLoader$TemporaryLoggerFinder done
Event: 3.444 Loading class sun/util/logging/internal/LoggingProviderImpl$JULWrapper
Event: 3.445 Loading class sun/util/logging/PlatformLogger$ConfigurableBridge$LoggerConfiguration
Event: 3.446 Loading class sun/util/logging/PlatformLogger$ConfigurableBridge$LoggerConfiguration done
Event: 3.446 Loading class sun/util/logging/internal/LoggingProviderImpl$JULWrapper done
Event: 3.446 Loading class java/io/ObjectInputFilter
Event: 3.446 Loading class java/io/ObjectInputFilter done
Event: 3.447 Loading class java/io/ObjectInputFilter$Config$BuiltinFilterFactory
Event: 3.447 Loading class java/io/ObjectInputFilter$Config$BuiltinFilterFactory done
Event: 3.447 Loading class jdk/internal/access/JavaObjectInputFilterAccess
Event: 3.447 Loading class jdk/internal/access/JavaObjectInputFilterAccess done
Event: 3.448 Loading class java/lang/System$Logger$Level
Event: 3.448 Loading class java/lang/System$Logger$Level done
Event: 3.449 Loading class java/io/Bits
Event: 3.449 Loading class java/io/Bits done
Event: 3.635 Loading class sun/nio/cs/Surrogate$Parser
Event: 3.636 Loading class sun/nio/cs/Surrogate$Parser done
Event: 3.636 Loading class sun/nio/cs/Surrogate
Event: 3.636 Loading class sun/nio/cs/Surrogate done

Classes unloaded (0 events):
No events

Classes redefined (0 events):
No events

Internal exceptions (20 events):
Event: 0.691 Thread 0x0000027e368ae140 Exception <a 'java/lang/NullPointerException'{0x00000000fecd0d30}> (0x00000000fecd0d30) 
thrown [s\src\hotspot\share\interpreter\linkResolver.cpp, line 1350]
Event: 0.700 Thread 0x0000027e368ae140 Exception <a 'java/lang/NoSuchMethodError'{0x00000000fecfa4c8}: 'void java.lang.invoke.DirectMethodHandle$Holder.invokeStatic(java.lang.Object, long, java.lang.Object)'> (0x00000000fecfa4c8) 
thrown [s\src\hotspot\share\interpreter\linkResolver.cpp, line 759]
Event: 0.701 Thread 0x0000027e368ae140 Exception <a 'java/lang/NoSuchMethodError'{0x00000000feb4d710}: 'java.lang.Object java.lang.invoke.DirectMethodHandle$Holder.newInvokeSpecial(java.lang.Object, long, java.lang.Object)'> (0x00000000feb4d710) 
thrown [s\src\hotspot\share\interpreter\linkResolver.cpp, line 759]
Event: 0.702 Thread 0x0000027e368ae140 Exception <a 'java/lang/NullPointerException'{0x00000000feb59dd8}> (0x00000000feb59dd8) 
thrown [s\src\hotspot\share\interpreter\linkResolver.cpp, line 1350]
Event: 0.702 Thread 0x0000027e368ae140 Exception <a 'java/lang/NullPointerException'{0x00000000feb5a358}> (0x00000000feb5a358) 
thrown [s\src\hotspot\share\interpreter\linkResolver.cpp, line 1350]
Event: 0.702 Thread 0x0000027e368ae140 Exception <a 'java/lang/NullPointerException'{0x00000000feb5a8d8}> (0x00000000feb5a8d8) 
thrown [s\src\hotspot\share\interpreter\linkResolver.cpp, line 1350]
Event: 0.703 Thread 0x0000027e368ae140 Exception <a 'java/lang/NullPointerException'{0x00000000feb63eb0}> (0x00000000feb63eb0) 
thrown [s\src\hotspot\share\interpreter\linkResolver.cpp, line 1350]
Event: 0.705 Thread 0x0000027e368ae140 Exception <a 'java/lang/NullPointerException'{0x00000000feb810b8}> (0x00000000feb810b8) 
thrown [s\src\hotspot\share\interpreter\linkResolver.cpp, line 1350]
Event: 0.705 Thread 0x0000027e368ae140 Exception <a 'java/lang/NullPointerException'{0x00000000feb81638}> (0x00000000feb81638) 
thrown [s\src\hotspot\share\interpreter\linkResolver.cpp, line 1350]
Event: 0.705 Thread 0x0000027e368ae140 Exception <a 'java/lang/NullPointerException'{0x00000000feb81bb8}> (0x00000000feb81bb8) 
thrown [s\src\hotspot\share\interpreter\linkResolver.cpp, line 1350]
Event: 0.705 Thread 0x0000027e368ae140 Exception <a 'java/lang/NullPointerException'{0x00000000feb82138}> (0x00000000feb82138) 
thrown [s\src\hotspot\share\interpreter\linkResolver.cpp, line 1350]
Event: 0.758 Thread 0x0000027e368ae140 Exception <a 'java/lang/NoSuchMethodError'{0x00000000fe6ef700}: 'java.lang.Object java.lang.invoke.DirectMethodHandle$Holder.newInvokeSpecial(java.lang.Object, java.lang.Object, java.lang.Object, java.lang.Object, java.lang.Object)'> (0x00000000fe6ef700) 
thrown [s\src\hotspot\share\interpreter\linkResolver.cpp, line 759]
Event: 0.771 Thread 0x0000027e368ae140 Exception <a 'java/lang/NoSuchMethodError'{0x00000000fe5e5f48}: 'void java.lang.invoke.DirectMethodHandle$Holder.invokeSpecial(java.lang.Object, java.lang.Object, java.lang.Object)'> (0x00000000fe5e5f48) 
thrown [s\src\hotspot\share\interpreter\linkResolver.cpp, line 759]
Event: 0.773 Thread 0x0000027e368ae140 Implicit null exception at 0x0000027e45f3820b to 0x0000027e45f38748
Event: 0.778 Thread 0x0000027e368ae140 Implicit null exception at 0x0000027e45f238af to 0x0000027e45f23929
Event: 0.926 Thread 0x0000027e368ae140 Exception <a 'java/lang/NoSuchMethodError'{0x00000000fe209ef0}: 'void java.lang.invoke.DirectMethodHandle$Holder.invokeStatic(java.lang.Object, java.lang.Object, java.lang.Object)'> (0x00000000fe209ef0) 
thrown [s\src\hotspot\share\interpreter\linkResolver.cpp, line 759]
Event: 0.991 Thread 0x0000027e368ae140 Exception <a 'java/lang/NoSuchMethodError'{0x00000000ffc5ead8}: 'java.lang.Object java.lang.invoke.DirectMethodHandle$Holder.invokeStaticInit(java.lang.Object, int, int, int, int)'> (0x00000000ffc5ead8) 
thrown [s\src\hotspot\share\interpreter\linkResolver.cpp, line 759]
Event: 1.036 Thread 0x0000027e368ae140 Exception <a 'java/lang/NoSuchMethodError'{0x00000000ffcc1f80}: 'java.lang.Object java.lang.invoke.DirectMethodHandle$Holder.invokeStaticInit(java.lang.Object, java.lang.Object, int, int, int, int)'> (0x00000000ffcc1f80) 
thrown [s\src\hotspot\share\interpreter\linkResolver.cpp, line 759]
Event: 1.049 Thread 0x0000027e368ae140 Implicit null exception at 0x0000027e45f39972 to 0x0000027e45f39f48
Event: 1.051 Thread 0x0000027e368ae140 Implicit null exception at 0x0000027e45f40df2 to 0x0000027e45f413d8

VM Operations (20 events):
Event: 6.770 Executing VM operation: Cleanup done
Event: 7.783 Executing VM operation: Cleanup
Event: 7.783 Executing VM operation: Cleanup done
Event: 8.797 Executing VM operation: Cleanup
Event: 8.797 Executing VM operation: Cleanup done
Event: 9.797 Executing VM operation: Cleanup
Event: 9.797 Executing VM operation: Cleanup done
Event: 12.829 Executing VM operation: Cleanup
Event: 12.829 Executing VM operation: Cleanup done
Event: 14.844 Executing VM operation: Cleanup
Event: 14.844 Executing VM operation: Cleanup done
Event: 16.871 Executing VM operation: Cleanup
Event: 16.871 Executing VM operation: Cleanup done
Event: 21.933 Executing VM operation: Cleanup
Event: 21.933 Executing VM operation: Cleanup done
Event: 24.951 Executing VM operation: Cleanup
Event: 24.951 Executing VM operation: Cleanup done
Event: 25.955 Executing VM operation: Cleanup
Event: 26.346 Executing VM operation: Cleanup done
Event: 27.360 Executing VM operation: Cleanup

Memory protections (0 events):
No events

Nmethod flushes (0 events):
No events

Events (19 events):
Event: 0.018 Thread 0x0000027e368ae140 Thread added: 0x0000027e368ae140
Event: 0.019 Thread 0x0000027e368ae140 Thread added: 0x0000027e50786d20
Event: 0.019 Thread 0x0000027e368ae140 Thread added: 0x0000027e507896f0
Event: 0.025 Thread 0x0000027e368ae140 Thread added: 0x0000027e507a3ed0
Event: 0.025 Thread 0x0000027e368ae140 Thread added: 0x0000027e507a4890
Event: 0.025 Thread 0x0000027e368ae140 Thread added: 0x0000027e507a5250
Event: 0.025 Thread 0x0000027e368ae140 Thread added: 0x0000027e507a5c10
Event: 0.025 Thread 0x0000027e368ae140 Thread added: 0x0000027e507a8910
Event: 0.025 Thread 0x0000027e368ae140 Thread added: 0x0000027e507ac360
Event: 0.025 Thread 0x0000027e368ae140 Thread added: 0x0000027e507b2740
Event: 0.032 Thread 0x0000027e368ae140 Thread added: 0x0000027e508f6bf0
Event: 0.033 Thread 0x0000027e368ae140 Thread added: 0x0000027e50907fe0
Event: 0.170 Thread 0x0000027e507ac360 Thread added: 0x0000027e507ace00
Event: 0.299 Thread 0x0000027e507ace00 Thread added: 0x0000027e507ad350
Event: 0.693 Thread 0x0000027e368ae140 Thread added: 0x0000027e96d8bfd0
Event: 0.726 Thread 0x0000027e368ae140 Thread added: 0x0000027e96124e40
Event: 0.747 Thread 0x0000027e96d8bfd0 Thread exited: 0x0000027e96d8bfd0
Event: 0.938 Thread 0x0000027e507ad350 Thread exited: 0x0000027e507ad350
Event: 1.227 Thread 0x0000027e507ace00 Thread exited: 0x0000027e507ace00


Dynamic libraries:
0x00007ff617690000 - 0x00007ff61769e000 	C:\Program Files\Microsoft\jdk-17.0.18.8-hotspot\bin\java.exe
0x00007ff961280000 - 0x00007ff9614e7000 	C:\WINDOWS\SYSTEM32\ntdll.dll
0x00007ff95ff60000 - 0x00007ff960029000 	C:\WINDOWS\System32\KERNEL32.DLL
0x00007ff95dd40000 - 0x00007ff95e131000 	C:\WINDOWS\System32\KERNELBASE.dll
0x00007ff95e140000 - 0x00007ff95e28b000 	C:\WINDOWS\System32\ucrtbase.dll
0x00007ff955400000 - 0x00007ff95541e000 	C:\Program Files\Microsoft\jdk-17.0.18.8-hotspot\bin\VCRUNTIME140.dll
0x00007ff955420000 - 0x00007ff955438000 	C:\Program Files\Microsoft\jdk-17.0.18.8-hotspot\bin\jli.dll
0x00007ff95fb30000 - 0x00007ff95fcf5000 	C:\WINDOWS\System32\USER32.dll
0x00007ff943780000 - 0x00007ff943a13000 	C:\WINDOWS\WinSxS\amd64_microsoft.windows.common-controls_6595b64144ccf1df_6.0.26100.8037_none_3e092faae333b53b\COMCTL32.dll
0x00007ff95e340000 - 0x00007ff95e367000 	C:\WINDOWS\System32\win32u.dll
0x00007ff9608c0000 - 0x00007ff960969000 	C:\WINDOWS\System32\msvcrt.dll
0x00007ff960b30000 - 0x00007ff960b5b000 	C:\WINDOWS\System32\GDI32.dll
0x00007ff95dc10000 - 0x00007ff95dd3b000 	C:\WINDOWS\System32\gdi32full.dll
0x00007ff95e290000 - 0x00007ff95e333000 	C:\WINDOWS\System32\msvcp_win.dll
0x00007ff95fa70000 - 0x00007ff95faa1000 	C:\WINDOWS\System32\IMM32.DLL
0x00007ff958a40000 - 0x00007ff958a4c000 	C:\Program Files\Microsoft\jdk-17.0.18.8-hotspot\bin\vcruntime140_1.dll
0x00007ff9314d0000 - 0x00007ff931559000 	C:\Program Files\Microsoft\jdk-17.0.18.8-hotspot\bin\msvcp140.dll
0x00007ff8efc80000 - 0x00007ff8f08fa000 	C:\Program Files\Microsoft\jdk-17.0.18.8-hotspot\bin\server\jvm.dll
0x00007ff95f030000 - 0x00007ff95f0eb000 	C:\WINDOWS\System32\ADVAPI32.dll
0x00007ff95f170000 - 0x00007ff95f217000 	C:\WINDOWS\System32\sechost.dll
0x00007ff9607a0000 - 0x00007ff9608b8000 	C:\WINDOWS\System32\RPCRT4.dll
0x00007ff95fab0000 - 0x00007ff95fb24000 	C:\WINDOWS\System32\WS2_32.dll
0x00007ff94eff0000 - 0x00007ff94f025000 	C:\WINDOWS\SYSTEM32\WINMM.dll
0x00007ff95d320000 - 0x00007ff95d37e000 	C:\WINDOWS\SYSTEM32\POWRPROF.dll
0x00007ff955e10000 - 0x00007ff955e1b000 	C:\WINDOWS\SYSTEM32\VERSION.dll
0x00007ff95d290000 - 0x00007ff95d2a4000 	C:\WINDOWS\SYSTEM32\UMPDC.dll
0x00007ff95c8f0000 - 0x00007ff95c90b000 	C:\WINDOWS\SYSTEM32\kernel.appcore.dll
0x00007ff9553f0000 - 0x00007ff9553fa000 	C:\Program Files\Microsoft\jdk-17.0.18.8-hotspot\bin\jimage.dll
0x00007ff95ba00000 - 0x00007ff95bc42000 	C:\WINDOWS\SYSTEM32\DBGHELP.DLL
0x00007ff95f3d0000 - 0x00007ff95f752000 	C:\WINDOWS\System32\combase.dll
0x00007ff95f2f0000 - 0x00007ff95f3c7000 	C:\WINDOWS\System32\OLEAUT32.dll
0x00007ff94fa80000 - 0x00007ff94fabb000 	C:\WINDOWS\SYSTEM32\dbgcore.DLL
0x00007ff95db60000 - 0x00007ff95dc05000 	C:\WINDOWS\System32\bcryptPrimitives.dll
0x00007ff93df30000 - 0x00007ff93df56000 	C:\Program Files\Microsoft\jdk-17.0.18.8-hotspot\bin\java.dll
0x00007ff9103c0000 - 0x00007ff910496000 	C:\Program Files\Microsoft\jdk-17.0.18.8-hotspot\bin\jsvml.dll
0x00007ff960030000 - 0x00007ff96078f000 	C:\WINDOWS\System32\SHELL32.dll
0x00007ff95ebe0000 - 0x00007ff95ed4a000 	C:\WINDOWS\System32\wintypes.dll
0x00007ff95e370000 - 0x00007ff95ebd4000 	C:\WINDOWS\System32\windows.storage.dll
0x00007ff95f760000 - 0x00007ff95f857000 	C:\WINDOWS\System32\SHCORE.dll
0x00007ff95f230000 - 0x00007ff95f297000 	C:\WINDOWS\System32\shlwapi.dll
0x00007ff95da80000 - 0x00007ff95daa9000 	C:\WINDOWS\SYSTEM32\profapi.dll
0x00007ff9553d0000 - 0x00007ff9553eb000 	C:\Program Files\Microsoft\jdk-17.0.18.8-hotspot\bin\net.dll
0x00007ff952b80000 - 0x00007ff952ca7000 	C:\WINDOWS\SYSTEM32\WINHTTP.dll
0x00007ff95ced0000 - 0x00007ff95cf3b000 	C:\WINDOWS\system32\mswsock.dll
0x00007ff9356c0000 - 0x00007ff9356d6000 	C:\Program Files\Microsoft\jdk-17.0.18.8-hotspot\bin\nio.dll
0x00007ff935150000 - 0x00007ff935168000 	C:\Program Files\Microsoft\jdk-17.0.18.8-hotspot\bin\zip.dll
0x00007ff948450000 - 0x00007ff94845a000 	C:\Program Files\Microsoft\jdk-17.0.18.8-hotspot\bin\management.dll
0x00007ff935e50000 - 0x00007ff935e5c000 	C:\Program Files\Microsoft\jdk-17.0.18.8-hotspot\bin\management_ext.dll
0x00007ff95f020000 - 0x00007ff95f028000 	C:\WINDOWS\System32\PSAPI.DLL
0x00007ff8f18b0000 - 0x00007ff8f18d7000 	C:\Users\mahav\.gradle\native\660c5614fbf4a5f2a75b1949f50a0caf5cd603558e7d8a26e50b933a0cfb79d1\windows-amd64\native-platform.dll
0x00007ff8edd50000 - 0x00007ff8edd74000 	C:\Users\mahav\.gradle\native\jansi\2.4.2\Windows\x86_64\jansi.dll
0x00007ff95c310000 - 0x00007ff95c343000 	C:\WINDOWS\SYSTEM32\IPHLPAPI.DLL
0x00007ff95ff50000 - 0x00007ff95ff5a000 	C:\WINDOWS\System32\NSI.dll
0x00007ff953f50000 - 0x00007ff953f6d000 	C:\WINDOWS\SYSTEM32\dhcpcsvc6.DLL
0x00007ff953f20000 - 0x00007ff953f43000 	C:\WINDOWS\SYSTEM32\dhcpcsvc.DLL
0x00007ff95c3b0000 - 0x00007ff95c4da000 	C:\WINDOWS\SYSTEM32\DNSAPI.dll
0x00007ff9356b0000 - 0x00007ff9356b9000 	C:\Program Files\Microsoft\jdk-17.0.18.8-hotspot\bin\extnet.dll
0x00007ff95d1b0000 - 0x00007ff95d1cb000 	C:\WINDOWS\SYSTEM32\CRYPTSP.dll
0x00007ff95c850000 - 0x00007ff95c889000 	C:\WINDOWS\system32\rsaenh.dll
0x00007ff95cf80000 - 0x00007ff95cfb2000 	C:\WINDOWS\SYSTEM32\USERENV.dll
0x00007ff95da50000 - 0x00007ff95da7a000 	C:\WINDOWS\SYSTEM32\bcrypt.dll
0x00007ff95d1d0000 - 0x00007ff95d1dc000 	C:\WINDOWS\SYSTEM32\CRYPTBASE.dll
0x00007ff933870000 - 0x00007ff93387e000 	C:\Program Files\Microsoft\jdk-17.0.18.8-hotspot\bin\sunmscapi.dll
0x00007ff95eea0000 - 0x00007ff95f017000 	C:\WINDOWS\System32\CRYPT32.dll
0x00007ff95d480000 - 0x00007ff95d4b0000 	C:\WINDOWS\SYSTEM32\ncrypt.dll
0x00007ff95d430000 - 0x00007ff95d46f000 	C:\WINDOWS\SYSTEM32\NTASN1.dll
0x00007ff950430000 - 0x00007ff950438000 	C:\WINDOWS\system32\wshunix.dll
0x00007ff935140000 - 0x00007ff935150000 	C:\Program Files\Microsoft\jdk-17.0.18.8-hotspot\bin\verify.dll

dbghelp: loaded successfully - version: 4.0.5 - missing functions: none
symbol engine: initialized successfully - sym options: 0x614 - pdb path: .;C:\Program Files\Microsoft\jdk-17.0.18.8-hotspot\bin;C:\WINDOWS\SYSTEM32;C:\WINDOWS\WinSxS\amd64_microsoft.windows.common-controls_6595b64144ccf1df_6.0.26100.8037_none_3e092faae333b53b;C:\Program Files\Microsoft\jdk-17.0.18.8-hotspot\bin\server;C:\Users\mahav\.gradle\native\660c5614fbf4a5f2a75b1949f50a0caf5cd603558e7d8a26e50b933a0cfb79d1\windows-amd64;C:\Users\mahav\.gradle\native\jansi\2.4.2\Windows\x86_64

VM Arguments:
jvm_args: -Xmx64m -Xms64m -Dorg.gradle.appname=gradlew 
java_command: C:\New App\RakshaNow\android\\gradle\wrapper\gradle-wrapper.jar app:installDebug -PreactNativeDevServerPort=8081
java_class_path (initial): C:\New App\RakshaNow\android\\gradle\wrapper\gradle-wrapper.jar
Launcher Type: SUN_STANDARD

[Global flags]
     intx CICompilerCount                          = 4                                         {product} {ergonomic}
     uint ConcGCThreads                            = 3                                         {product} {ergonomic}
     uint G1ConcRefinementThreads                  = 10                                        {product} {ergonomic}
   size_t G1HeapRegionSize                         = 1048576                                   {product} {ergonomic}
    uintx GCDrainStackTargetSize                   = 64                                        {product} {ergonomic}
   size_t InitialHeapSize                          = 67108864                                  {product} {command line}
   size_t MarkStackSize                            = 4194304                                   {product} {ergonomic}
   size_t MaxHeapSize                              = 67108864                                  {product} {command line}
   size_t MaxNewSize                               = 39845888                                  {product} {ergonomic}
   size_t MinHeapDeltaBytes                        = 1048576                                   {product} {ergonomic}
   size_t MinHeapSize                              = 67108864                                  {product} {command line}
    uintx NonNMethodCodeHeapSize                   = 5839372                                {pd product} {ergonomic}
    uintx NonProfiledCodeHeapSize                  = 122909434                              {pd product} {ergonomic}
    uintx ProfiledCodeHeapSize                     = 122909434                              {pd product} {ergonomic}
    uintx ReservedCodeCacheSize                    = 251658240                              {pd product} {ergonomic}
     bool SegmentedCodeCache                       = true                                      {product} {ergonomic}
   size_t SoftMaxHeapSize                          = 67108864                               {manageable} {ergonomic}
     bool UseCompressedClassPointers               = true                           {product lp64_product} {ergonomic}
     bool UseCompressedOops                        = true                           {product lp64_product} {ergonomic}
     bool UseG1GC                                  = true                                      {product} {ergonomic}
     bool UseLargePagesIndividualAllocation        = false                                  {pd product} {ergonomic}

Logging:
Log output configuration:
 #0: stdout all=warning uptime,level,tags
 #1: stderr all=off uptime,level,tags

Environment Variables:
JAVA_HOME=C:\Program Files\Microsoft\jdk-17.0.18.8-hotspot\
PATH=C:\New App\RakshaNow\node_modules\.bin;C:\New App\RakshaNow\node_modules\.bin;C:\New App\node_modules\.bin;C:\node_modules\.bin;C:\Users\mahav\AppData\Roaming\npm\node_modules\npm\node_modules\@npmcli\run-script\lib\node-gyp-bin;C:\Program Files\Microsoft\jdk-17.0.18.8-hotspot\bin;C:\Windows\system32;C:\Windows;C:\Windows\System32\Wbem;C:\Windows\System32\WindowsPowerShell\v1.0\;C:\Windows\System32\OpenSSH\;C:\Program Files (x86)\NVIDIA Corporation\PhysX\Common;C:\Program Files\NVIDIA Corporation\NVIDIA NvDLISR;C:\WINDOWS\system32;C:\WINDOWS;C:\WINDOWS\System32\Wbem;C:\WINDOWS\System32\WindowsPowerShell\v1.0\;C:\WINDOWS\System32\OpenSSH\;C:\MinGW\bin;C:\ProgramData\chocolatey\bin;C:\Users\mahav\AppData\Roaming\Microsoft\Windows\Start Menu\Programs\Python 3.12;C:\Users\mahav\AppData\Roaming\Microsoft\Windows\Start Menu\Programs\Nmap;C:\Program Files\Git\cmd;C:\Program Files\nodejs\;C:\Users\mahav\AppData\Local\Android\Sdk;C:\Users\mahav\AppData\Local\Android\Sdk\platform-tools;C:\Users\mahav\.local\bin;C:\Users\mahav\AppData\Local\Microsoft\WindowsApps;C:\MinGW\bin;C:\Users\mahav\AppData\Roaming\Microsoft\Windows\Start Menu\Programs\Python 3.12;C:\Users\mahav\AppData\Roaming\Microsoft\Windows\Start Menu\Programs\Python 3.13;C:\Users\mahav\AppData\Local\Programs\Microsoft VS Code\bin;C:\Users\mahav\AppData\Local\Programs\Antigravity\bin;C:\Users\mahav\AppData\Roaming\npm;C:\Program Files\Microsoft\jdk-17.0.18.8-hotspot\bin;C:\Users\mahav\AppData\Local\Android\Sdk\platform-tools;C:\Users\mahav\AppData\Local\OpenCode;C:\Users\mahav\AppData\Local\Android\Sdk\platform-tools;C:\Users\mahav\AppData\Local\Android\Sdk\emulator;C:\Users\mahav\AppData\Local\Android\Sdk;c:\Users\mahav\.antigravity\extensions\vscjava.vscode-java-debug-0.58.5-universal\bundled\scripts\noConfigScripts
USERNAME=mahav
LANG=en_US.UTF-8
OS=Windows_NT
PROCESSOR_IDENTIFIER=Intel64 Family 6 Model 154 Stepping 3, GenuineIntel
TMP=C:\Users\mahav\AppData\Local\Temp
TEMP=C:\Users\mahav\AppData\Local\Temp



Periodic native trim disabled


---------------  S Y S T E M  ---------------

OS:
 Windows 11 , 64 bit Build 26100 (10.0.26100.7920)
OS uptime: 1 days 5:16 hours
Hyper-V role detected

CPU: total 12 (initial active 12) (6 cores per cpu, 2 threads per core) family 6 model 154 stepping 3 microcode 0x424, cx8, cmov, fxsr, ht, mmx, 3dnowpref, sse, sse2, sse3, ssse3, sse4.1, sse4.2, popcnt, lzcnt, tsc, tscinvbit, avx, avx2, aes, erms, clmul, bmi1, bmi2, adx, sha, fma, vzeroupper, clflush, clflushopt, clwb, hv
Processor Information for processor 0
  Max Mhz: 2000, Current Mhz: 2000, Mhz Limit: 2000
Processor Information for processor 1
  Max Mhz: 2000, Current Mhz: 2000, Mhz Limit: 2000
Processor Information for processor 2
  Max Mhz: 2000, Current Mhz: 2000, Mhz Limit: 2000
Processor Information for processor 3
  Max Mhz: 2000, Current Mhz: 2000, Mhz Limit: 2000
Processor Information for processor 4
  Max Mhz: 2000, Current Mhz: 2000, Mhz Limit: 2000
Processor Information for processor 5
  Max Mhz: 2000, Current Mhz: 2000, Mhz Limit: 2000
Processor Information for processor 6
  Max Mhz: 2000, Current Mhz: 2000, Mhz Limit: 2000
Processor Information for processor 7
  Max Mhz: 2000, Current Mhz: 2000, Mhz Limit: 2000
Processor Information for processor 8
  Max Mhz: 2000, Current Mhz: 2000, Mhz Limit: 2000
Processor Information for processor 9
  Max Mhz: 2000, Current Mhz: 1466, Mhz Limit: 2000
Processor Information for processor 10
  Max Mhz: 2000, Current Mhz: 2000, Mhz Limit: 2000
Processor Information for processor 11
  Max Mhz: 2000, Current Mhz: 2000, Mhz Limit: 2000

Memory: 4k page, system-wide physical 16087M (1183M free)
TotalPageFile size 24279M (AvailPageFile size 0M)
current process WorkingSet (physical memory assigned to process): 105M, peak: 114M
current process commit charge ("private bytes"): 170M, peak: 180M

vm_info: OpenJDK 64-Bit Server VM (17.0.18+8-LTS) for windows-amd64 JRE (17.0.18+8-LTS), built on Jan 15 2026 18:50:45 by "MicrosoftCorporation" with MS VC++ 17.14 (VS2022)

END.
