#
# There is insufficient memory for the Java Runtime Environment to continue.
# Native memory allocation (mmap) failed to map 67108864 bytes. Error detail: G1 virtual space
# Possible reasons:
#   The system is out of physical RAM or swap space
#   This process is running with CompressedOops enabled, and the Java Heap may be blocking the growth of the native heap
# Possible solutions:
#   Reduce memory load on the system
#   Increase physical memory or swap space
#   Check if swap backing store is full
#   Decrease Java heap size (-Xmx/-Xms)
#   Decrease number of Java threads
#   Decrease Java thread stack sizes (-Xss)
#   Set larger code cache with -XX:ReservedCodeCacheSize=
#   JVM is running with Unscaled Compressed Oops mode in which the Java heap is
#     placed in the first 4GB address space. The Java Heap base address is the
#     maximum limit for the native heap growth. Please use -XX:HeapBaseMinAddress
#     to set the Java Heap base and to place the Java Heap above 4GB virtual address.
# This output file may be truncated or incomplete.
#
#  Out of Memory Error (os_windows.cpp:3690), pid=20368, tid=424
#
# JRE version:  (17.0.18+8) (build )
# Java VM: OpenJDK 64-Bit Server VM (17.0.18+8-LTS, mixed mode, sharing, tiered, compressed oops, compressed class ptrs, g1 gc, windows-amd64)
# No core dump will be written. Minidumps are not enabled by default on client versions of Windows
#

---------------  S U M M A R Y ------------

Command Line: -Xmx64m -Xms64m -Dorg.gradle.appname=gradlew C:\New App\RakshaNow\android\\gradle\wrapper\gradle-wrapper.jar app:installDebug -PreactNativeDevServerPort=8081

Host: 12th Gen Intel(R) Core(TM) i5-12450H, 12 cores, 15G,  Windows 11 , 64 bit Build 26100 (10.0.26100.8115)
Time: Tue Apr 14 15:13:26 2026 India Standard Time elapsed time: 2.408399 seconds (0d 0h 0m 2s)

---------------  T H R E A D  ---------------

Current thread (0x00000187c2eaa1d0):  JavaThread "Unknown thread" [_thread_in_vm, id=424, stack(0x0000000100600000,0x0000000100700000)]

Stack: [0x0000000100600000,0x0000000100700000]
Native frames: (J=compiled Java code, j=interpreted, Vv=VM code, C=native code)
V  [jvm.dll+0x68c879]  (no source info available)
V  [jvm.dll+0x845979]  (no source info available)
V  [jvm.dll+0x8476e8]  (no source info available)
V  [jvm.dll+0x847d73]  (no source info available)
V  [jvm.dll+0x24cf6f]  (no source info available)
V  [jvm.dll+0x68bc79]  (no source info available)
V  [jvm.dll+0x68023a]  (no source info available)
V  [jvm.dll+0x3101a0]  (no source info available)
V  [jvm.dll+0x310042]  (no source info available)
V  [jvm.dll+0x317599]  (no source info available)
V  [jvm.dll+0x369999]  (no source info available)
V  [jvm.dll+0x369bcd]  (no source info available)
V  [jvm.dll+0x2e69aa]  (no source info available)
V  [jvm.dll+0x2e78b8]  (no source info available)
V  [jvm.dll+0x81871e]  (no source info available)
V  [jvm.dll+0x377601]  (no source info available)
V  [jvm.dll+0x7f6d65]  (no source info available)
V  [jvm.dll+0x3fd47b]  (no source info available)
V  [jvm.dll+0x3ff0b1]  (no source info available)
C  [jli.dll+0x52f0]  (no source info available)
C  [ucrtbase.dll+0x37b0]  (no source info available)
C  [KERNEL32.DLL+0x2e8d7]  (no source info available)
C  [ntdll.dll+0x8c3fc]  (no source info available)


---------------  P R O C E S S  ---------------

Threads class SMR info:
_java_thread_list=0x00007ff96e156058, length=0, elements={
}

Java Threads: ( => current thread )

Other Threads:
  0x00000187c2ecea80 GCTaskThread "GC Thread#0" [stack: 0x0000000100700000,0x0000000100800000] [id=13840]
  0x00000187c2ed01e0 ConcurrentGCThread "G1 Main Marker" [stack: 0x0000000100800000,0x0000000100900000] [id=3700]
  0x00000187c2ed18d0 ConcurrentGCThread "G1 Conc#0" [stack: 0x0000000100900000,0x0000000100a00000] [id=1832]

[error occurred during error reporting (printing all threads), id 0xc0000005, EXCEPTION_ACCESS_VIOLATION (0xc0000005) at pc=0x00007ff96d9074e7]

VM state: not at safepoint (not fully initialized)

VM Mutex/Monitor currently owned by a thread:  ([mutex/lock_event])
[0x00000187c2ea91a0] Heap_lock - owner thread: 0x00000187c2eaa1d0

Heap address: 0x00000000fc000000, size: 64 MB, Compressed Oops mode: 32-bit

CDS archive(s) mapped at: [0x0000000000000000-0x0000000000000000-0x0000000000000000), size 0, SharedBaseAddress: 0x0000000800000000, ArchiveRelocationMode: 1.
Narrow klass base: 0x0000000000000000, Narrow klass shift: 0, Narrow klass range: 0x0

GC Precious Log:
<Empty>

Heap:
 garbage-first heap   total 0K, used 0K [0x00000000fc000000, 0x0000000100000000)
  region size 1024K, 0 young (0K), 0 survivors (0K)

[error occurred during error reporting (printing heap information), id 0xc0000005, EXCEPTION_ACCESS_VIOLATION (0xc0000005) at pc=0x00007ff96dcf8929]

GC Heap History (0 events):
No events

Dll operation events (1 events):
Event: 0.005 Loaded shared library C:\Program Files\Microsoft\jdk-17.0.18.8-hotspot\bin\java.dll

Deoptimization events (0 events):
No events

Classes loaded (0 events):
No events

Classes unloaded (0 events):
No events

Classes redefined (0 events):
No events

Internal exceptions (0 events):
No events

VM Operations (0 events):
No events

Memory protections (0 events):
No events

Nmethod flushes (0 events):
No events

Events (0 events):
No events


Dynamic libraries:
0x00007ff77f420000 - 0x00007ff77f42e000 	C:\Program Files\Microsoft\jdk-17.0.18.8-hotspot\bin\java.exe
0x00007ffa34980000 - 0x00007ffa34be7000 	C:\WINDOWS\SYSTEM32\ntdll.dll
0x00007ffa33fb0000 - 0x00007ffa34079000 	C:\WINDOWS\System32\KERNEL32.DLL
0x00007ffa31250000 - 0x00007ffa31644000 	C:\WINDOWS\System32\KERNELBASE.dll
0x00007ffa317b0000 - 0x00007ffa318fb000 	C:\WINDOWS\System32\ucrtbase.dll
0x00007ff9f3440000 - 0x00007ff9f3458000 	C:\Program Files\Microsoft\jdk-17.0.18.8-hotspot\bin\jli.dll
0x00007ff9f3600000 - 0x00007ff9f361e000 	C:\Program Files\Microsoft\jdk-17.0.18.8-hotspot\bin\VCRUNTIME140.dll
0x00007ffa33370000 - 0x00007ffa33535000 	C:\WINDOWS\System32\USER32.dll
0x00007ffa323a0000 - 0x00007ffa323c7000 	C:\WINDOWS\System32\win32u.dll
0x00007ffa1fc30000 - 0x00007ffa1fec3000 	C:\WINDOWS\WinSxS\amd64_microsoft.windows.common-controls_6595b64144ccf1df_6.0.26100.8115_none_3e075c82e3354f9c\COMCTL32.dll
0x00007ffa329f0000 - 0x00007ffa32a1b000 	C:\WINDOWS\System32\GDI32.dll
0x00007ffa34110000 - 0x00007ffa341b9000 	C:\WINDOWS\System32\msvcrt.dll
0x00007ffa323d0000 - 0x00007ffa324fa000 	C:\WINDOWS\System32\gdi32full.dll
0x00007ffa31650000 - 0x00007ffa316f3000 	C:\WINDOWS\System32\msvcp_win.dll
0x00007ffa33330000 - 0x00007ffa33362000 	C:\WINDOWS\System32\IMM32.DLL
0x00007ffa08dc0000 - 0x00007ffa08dcc000 	C:\Program Files\Microsoft\jdk-17.0.18.8-hotspot\bin\vcruntime140_1.dll
0x00007ff9bdf50000 - 0x00007ff9bdfd9000 	C:\Program Files\Microsoft\jdk-17.0.18.8-hotspot\bin\msvcp140.dll
0x00007ff96d610000 - 0x00007ff96e28a000 	C:\Program Files\Microsoft\jdk-17.0.18.8-hotspot\bin\server\jvm.dll
0x00007ffa33270000 - 0x00007ffa33326000 	C:\WINDOWS\System32\ADVAPI32.dll
0x00007ffa327e0000 - 0x00007ffa32887000 	C:\WINDOWS\System32\sechost.dll
0x00007ffa341c0000 - 0x00007ffa342d8000 	C:\WINDOWS\System32\RPCRT4.dll
0x00007ffa34080000 - 0x00007ffa34100000 	C:\WINDOWS\System32\WS2_32.dll
0x00007ffa27b80000 - 0x00007ffa27b8b000 	C:\WINDOWS\SYSTEM32\VERSION.dll
0x00007ffa308e0000 - 0x00007ffa3093e000 	C:\WINDOWS\SYSTEM32\POWRPROF.dll
0x00007ffa23080000 - 0x00007ffa230b6000 	C:\WINDOWS\SYSTEM32\WINMM.dll
0x00007ffa30750000 - 0x00007ffa30764000 	C:\WINDOWS\SYSTEM32\UMPDC.dll
0x00007ffa2ffe0000 - 0x00007ffa2fffb000 	C:\WINDOWS\SYSTEM32\kernel.appcore.dll
0x00007ffa07d30000 - 0x00007ffa07d3a000 	C:\Program Files\Microsoft\jdk-17.0.18.8-hotspot\bin\jimage.dll
0x00007ffa2ef40000 - 0x00007ffa2f182000 	C:\WINDOWS\SYSTEM32\DBGHELP.DLL
0x00007ffa343f0000 - 0x00007ffa34772000 	C:\WINDOWS\System32\combase.dll
0x00007ffa33b50000 - 0x00007ffa33c27000 	C:\WINDOWS\System32\OLEAUT32.dll
0x00007ffa09480000 - 0x00007ffa094bb000 	C:\WINDOWS\SYSTEM32\dbgcore.DLL
0x00007ffa31700000 - 0x00007ffa317a5000 	C:\WINDOWS\System32\bcryptPrimitives.dll
0x00007ff9f0ea0000 - 0x00007ff9f0ec6000 	C:\Program Files\Microsoft\jdk-17.0.18.8-hotspot\bin\java.dll

dbghelp: loaded successfully - version: 4.0.5 - missing functions: none
symbol engine: initialized successfully - sym options: 0x614 - pdb path: .;C:\Program Files\Microsoft\jdk-17.0.18.8-hotspot\bin;C:\WINDOWS\SYSTEM32;C:\WINDOWS\WinSxS\amd64_microsoft.windows.common-controls_6595b64144ccf1df_6.0.26100.8115_none_3e075c82e3354f9c;C:\Program Files\Microsoft\jdk-17.0.18.8-hotspot\bin\server

VM Arguments:
jvm_args: -Xmx64m -Xms64m -Dorg.gradle.appname=gradlew 
java_command: C:\New App\RakshaNow\android\\gradle\wrapper\gradle-wrapper.jar app:installDebug -PreactNativeDevServerPort=8081
java_class_path (initial): C:\New App\RakshaNow\android\\gradle\wrapper\gradle-wrapper.jar
Launcher Type: SUN_STANDARD

[Global flags]
     intx CICompilerCount                          = 4                                         {product} {ergonomic}
     uint ConcGCThreads                            = 3                                         {product} {ergonomic}
     uint G1ConcRefinementThreads                  = 10                                        {product} {ergonomic}
   size_t G1HeapRegionSize                         = 1048576                                   {product} {ergonomic}
    uintx GCDrainStackTargetSize                   = 64                                        {product} {ergonomic}
   size_t InitialHeapSize                          = 67108864                                  {product} {command line}
   size_t MarkStackSize                            = 4194304                                   {product} {ergonomic}
   size_t MaxHeapSize                              = 67108864                                  {product} {command line}
   size_t MinHeapDeltaBytes                        = 1048576                                   {product} {ergonomic}
   size_t MinHeapSize                              = 67108864                                  {product} {command line}
    uintx NonNMethodCodeHeapSize                   = 5839372                                {pd product} {ergonomic}
    uintx NonProfiledCodeHeapSize                  = 122909434                              {pd product} {ergonomic}
    uintx ProfiledCodeHeapSize                     = 122909434                              {pd product} {ergonomic}
    uintx ReservedCodeCacheSize                    = 251658240                              {pd product} {ergonomic}
     bool SegmentedCodeCache                       = true                                      {product} {ergonomic}
   size_t SoftMaxHeapSize                          = 67108864                               {manageable} {ergonomic}
     bool UseCompressedClassPointers               = true                           {product lp64_product} {ergonomic}
     bool UseCompressedOops                        = true                           {product lp64_product} {ergonomic}
     bool UseG1GC                                  = true                                      {product} {ergonomic}
     bool UseLargePagesIndividualAllocation        = false                                  {pd product} {ergonomic}

Logging:
Log output configuration:
 #0: stdout all=warning uptime,level,tags
 #1: stderr all=off uptime,level,tags

Environment Variables:
JAVA_HOME=C:\Program Files\Microsoft\jdk-17.0.18.8-hotspot\
PATH=C:\New App\RakshaNow\node_modules\.bin;C:\New App\RakshaNow\node_modules\.bin;C:\New App\node_modules\.bin;C:\node_modules\.bin;C:\Users\mahav\AppData\Roaming\npm\node_modules\npm\node_modules\@npmcli\run-script\lib\node-gyp-bin;C:\Program Files\Microsoft\jdk-17.0.18.8-hotspot\bin;C:\Windows\system32;C:\Windows;C:\Windows\System32\Wbem;C:\Windows\System32\WindowsPowerShell\v1.0\;C:\Windows\System32\OpenSSH\;C:\Program Files (x86)\NVIDIA Corporation\PhysX\Common;C:\Program Files\NVIDIA Corporation\NVIDIA NvDLISR;C:\WINDOWS\system32;C:\WINDOWS;C:\WINDOWS\System32\Wbem;C:\WINDOWS\System32\WindowsPowerShell\v1.0\;C:\WINDOWS\System32\OpenSSH\;C:\MinGW\bin;C:\ProgramData\chocolatey\bin;C:\Users\mahav\AppData\Roaming\Microsoft\Windows\Start Menu\Programs\Python 3.12;C:\Users\mahav\AppData\Roaming\Microsoft\Windows\Start Menu\Programs\Nmap;C:\Program Files\Git\cmd;C:\Program Files\nodejs\;C:\Users\mahav\AppData\Local\Android\Sdk;C:\Users\mahav\AppData\Local\Android\Sdk\platform-tools;C:\Users\mahav\.local\bin;C:\Users\mahav\AppData\Local\Microsoft\WindowsApps;C:\MinGW\bin;C:\Users\mahav\AppData\Roaming\Microsoft\Windows\Start Menu\Programs\Python 3.12;C:\Users\mahav\AppData\Roaming\Microsoft\Windows\Start Menu\Programs\Python 3.13;C:\Users\mahav\AppData\Local\Programs\Microsoft VS Code\bin;C:\Users\mahav\AppData\Local\Programs\Antigravity\bin;C:\Users\mahav\AppData\Roaming\npm;C:\Program Files\Microsoft\jdk-17.0.18.8-hotspot\bin;C:\Users\mahav\AppData\Local\Android\Sdk\platform-tools;C:\Users\mahav\AppData\Local\OpenCode;C:\Users\mahav\AppData\Local\Android\Sdk\platform-tools;C:\Users\mahav\AppData\Local\Android\Sdk\emulator;C:\Users\mahav\AppData\Local\Android\Sdk;c:\Users\mahav\.antigravity\extensions\vscjava.vscode-java-debug-0.58.5-universal\bundled\scripts\noConfigScripts
USERNAME=mahav
LANG=en_US.UTF-8
OS=Windows_NT
PROCESSOR_IDENTIFIER=Intel64 Family 6 Model 154 Stepping 3, GenuineIntel
TMP=C:\Users\mahav\AppData\Local\Temp
TEMP=C:\Users\mahav\AppData\Local\Temp



Periodic native trim disabled


---------------  S Y S T E M  ---------------

OS:
 Windows 11 , 64 bit Build 26100 (10.0.26100.8115)
OS uptime: 1 days 22:56 hours
Hyper-V role detected

CPU: total 12 (initial active 12) (6 cores per cpu, 2 threads per core) family 6 model 154 stepping 3 microcode 0x424, cx8, cmov, fxsr, ht, mmx, 3dnowpref, sse, sse2, sse3, ssse3, sse4.1, sse4.2, popcnt, lzcnt, tsc, tscinvbit, avx, avx2, aes, erms, clmul, bmi1, bmi2, adx, sha, fma, vzeroupper, clflush, clflushopt, clwb, hv
Processor Information for processor 0
  Max Mhz: 2000, Current Mhz: 2000, Mhz Limit: 2000
Processor Information for processor 1
  Max Mhz: 2000, Current Mhz: 2000, Mhz Limit: 2000
Processor Information for processor 2
  Max Mhz: 2000, Current Mhz: 2000, Mhz Limit: 2000
Processor Information for processor 3
  Max Mhz: 2000, Current Mhz: 2000, Mhz Limit: 2000
Processor Information for processor 4
  Max Mhz: 2000, Current Mhz: 2000, Mhz Limit: 2000
Processor Information for processor 5
  Max Mhz: 2000, Current Mhz: 2000, Mhz Limit: 2000
Processor Information for processor 6
  Max Mhz: 2000, Current Mhz: 2000, Mhz Limit: 2000
Processor Information for processor 7
  Max Mhz: 2000, Current Mhz: 2000, Mhz Limit: 2000
Processor Information for processor 8
  Max Mhz: 2000, Current Mhz: 1466, Mhz Limit: 2000
Processor Information for processor 9
  Max Mhz: 2000, Current Mhz: 2000, Mhz Limit: 2000
Processor Information for processor 10
  Max Mhz: 2000, Current Mhz: 1466, Mhz Limit: 2000
Processor Information for processor 11
  Max Mhz: 2000, Current Mhz: 2000, Mhz Limit: 2000

Memory: 4k page, system-wide physical 16087M (2337M free)
TotalPageFile size 24279M (AvailPageFile size 27M)
current process WorkingSet (physical memory assigned to process): 12M, peak: 12M
current process commit charge ("private bytes"): 63M, peak: 127M

vm_info: OpenJDK 64-Bit Server VM (17.0.18+8-LTS) for windows-amd64 JRE (17.0.18+8-LTS), built on Jan 15 2026 18:50:45 by "MicrosoftCorporation" with MS VC++ 17.14 (VS2022)

END.
